26-Apr-2025 22:26:59.871 INFO [main] org.apache.catalina.startup.VersionLoggerListener.log Server version name:   Apache Tomcat/11.0.6
26-Apr-2025 22:26:59.879 INFO [main] org.apache.catalina.startup.VersionLoggerListener.log Server built:          Apr 1 2025 14:40:40 UTC
26-Apr-2025 22:26:59.879 INFO [main] org.apache.catalina.startup.VersionLoggerListener.log Server version number: 11.0.6.0
26-Apr-2025 22:26:59.879 INFO [main] org.apache.catalina.startup.VersionLoggerListener.log OS Name:               Windows 11
26-Apr-2025 22:26:59.880 INFO [main] org.apache.catalina.startup.VersionLoggerListener.log OS Version:            10.0
26-Apr-2025 22:26:59.880 INFO [main] org.apache.catalina.startup.VersionLoggerListener.log Architecture:          amd64
26-Apr-2025 22:26:59.880 INFO [main] org.apache.catalina.startup.VersionLoggerListener.log Java Home:             C:\Users\aleks\.jdks\ms-17.0.15
26-Apr-2025 22:26:59.880 INFO [main] org.apache.catalina.startup.VersionLoggerListener.log JVM Version:           17.0.15+6-LTS
26-Apr-2025 22:26:59.880 INFO [main] org.apache.catalina.startup.VersionLoggerListener.log JVM Vendor:            Microsoft
26-Apr-2025 22:26:59.881 INFO [main] org.apache.catalina.startup.VersionLoggerListener.log CATALINA_BASE:         C:\Program Files\Apache Software Foundation\Tomcat 11.0\conf
26-Apr-2025 22:26:59.881 INFO [main] org.apache.catalina.startup.VersionLoggerListener.log CATALINA_HOME:         C:\Program Files\Apache Software Foundation\Tomcat 11.0
26-Apr-2025 22:26:59.897 INFO [main] org.apache.catalina.startup.VersionLoggerListener.log Command line argument: --add-opens=java.base/java.lang=ALL-UNNAMED
26-Apr-2025 22:26:59.897 INFO [main] org.apache.catalina.startup.VersionLoggerListener.log Command line argument: --add-opens=java.base/java.io=ALL-UNNAMED
26-Apr-2025 22:26:59.897 INFO [main] org.apache.catalina.startup.VersionLoggerListener.log Command line argument: --add-opens=java.base/java.util=ALL-UNNAMED
26-Apr-2025 22:26:59.897 INFO [main] org.apache.catalina.startup.VersionLoggerListener.log Command line argument: --add-opens=java.base/java.util.concurrent=ALL-UNNAMED
26-Apr-2025 22:26:59.898 INFO [main] org.apache.catalina.startup.VersionLoggerListener.log Command line argument: --add-opens=java.rmi/sun.rmi.transport=ALL-UNNAMED
26-Apr-2025 22:26:59.898 INFO [main] org.apache.catalina.startup.VersionLoggerListener.log Command line argument: -Dcatalina.home=C:\Program Files\Apache Software Foundation\Tomcat 11.0
26-Apr-2025 22:26:59.898 INFO [main] org.apache.catalina.startup.VersionLoggerListener.log Command line argument: -Dcatalina.base=C:\Program Files\Apache Software Foundation\Tomcat 11.0\conf
26-Apr-2025 22:26:59.898 INFO [main] org.apache.catalina.startup.VersionLoggerListener.log Command line argument: -Djava.io.tmpdir=C:\Program Files\Apache Software Foundation\Tomcat 11.0\conf\temp
26-Apr-2025 22:26:59.899 INFO [main] org.apache.catalina.startup.VersionLoggerListener.log Command line argument: -Djava.util.logging.config.file=C:\Program Files\Apache Software Foundation\Tomcat 11.0\conf\conf\logging.properties
26-Apr-2025 22:26:59.899 INFO [main] org.apache.catalina.startup.VersionLoggerListener.log Command line argument: -Djava.util.logging.manager=org.apache.juli.ClassLoaderLogManager
26-Apr-2025 22:26:59.899 INFO [main] org.apache.catalina.startup.VersionLoggerListener.log Command line argument: -javaagent:C:\Program Files\JetBrains\IntelliJ IDEA Community Edition 2025.1\lib\idea_rt.jar=57401
26-Apr-2025 22:26:59.899 INFO [main] org.apache.catalina.startup.VersionLoggerListener.log Command line argument: -Dfile.encoding=UTF-8
26-Apr-2025 22:26:59.907 INFO [main] org.apache.catalina.core.AprLifecycleListener.lifecycleEvent The Apache Tomcat Native library which allows using OpenSSL was not found on the java.library.path: [C:\Users\aleks\.jdks\ms-17.0.15\bin;C:\WINDOWS\Sun\Java\bin;C:\WINDOWS\system32;C:\WINDOWS;C:\Program Files\Common Files\Oracle\Java\javapath;C:\Python312\Scripts\;C:\Python312\;C:\WINDOWS\system32;C:\WINDOWS;C:\WINDOWS\System32\Wbem;C:\WINDOWS\System32\WindowsPowerShell\v1.0\;C:\WINDOWS\System32\OpenSSH\;C:\Program Files (x86)\NVIDIA Corporation\PhysX\Common;C:\ProgramData\chocolatey\bin;C:\Program Files\nodejs\;C:\Program Files\Git\cmd;C:\Program Files\GitHub CLI\;C:\Program Files (x86)\Windows Kits\10\Windows Performance Toolkit\;C:\Program Files\PuTTY\;C:\Users\aleks\AppData\Local\Microsoft\WindowsApps;D:\Microsoft VS Code\bin;C:\Users\aleks\AppData\Roaming\npm;C:\Program Files\JetBrains\PyCharm 2024.2.2\bin;;C:\ProgramData\mingw64\mingw64\bin;;C:\Program Files\JetBrains\IntelliJ IDEA Community Edition 2025.1\bin;;.]
26-Apr-2025 22:27:00.599 INFO [main] org.apache.coyote.AbstractProtocol.init Initializing ProtocolHandler ["http-nio-8080"]
26-Apr-2025 22:27:00.681 INFO [main] org.apache.catalina.startup.Catalina.load Server initialization in [1625] milliseconds
26-Apr-2025 22:27:00.870 INFO [main] org.apache.catalina.core.StandardService.startInternal Starting service [Catalina]
26-Apr-2025 22:27:00.871 INFO [main] org.apache.catalina.core.StandardEngine.startInternal Starting Servlet engine: [Apache Tomcat/11.0.6]
26-Apr-2025 22:27:00.882 INFO [main] org.apache.catalina.startup.HostConfig.deployDescriptor Deploying deployment descriptor [C:\Program Files\Apache Software Foundation\Tomcat 11.0\conf\conf\Catalina\localhost\RESTful_API.xml]
26-Apr-2025 22:27:02.866 INFO [main] org.apache.jasper.servlet.TldScanner.scanJars At least one JAR was scanned for TLDs yet contained no TLDs. Enable debug logging for this logger for a complete list of JARs that were scanned but no TLDs were found in them. Skipping unneeded JARs during scanning can improve startup time and JSP compilation time.
26-Apr-2025 22:27:03.078 INFO [main] org.apache.catalina.startup.HostConfig.deployDescriptor Deployment of deployment descriptor [C:\Program Files\Apache Software Foundation\Tomcat 11.0\conf\conf\Catalina\localhost\RESTful_API.xml] has finished in [2,196] ms
26-Apr-2025 22:27:03.078 INFO [main] org.apache.catalina.startup.HostConfig.deployDescriptor Deploying deployment descriptor [C:\Program Files\Apache Software Foundation\Tomcat 11.0\conf\conf\Catalina\localhost\ROOT.xml]
26-Apr-2025 22:27:04.888 INFO [main] org.apache.jasper.servlet.TldScanner.scanJars At least one JAR was scanned for TLDs yet contained no TLDs. Enable debug logging for this logger for a complete list of JARs that were scanned but no TLDs were found in them. Skipping unneeded JARs during scanning can improve startup time and JSP compilation time.
26-Apr-2025 22:27:07.998 INFO [main] org.apache.catalina.startup.HostConfig.deployDescriptor Deployment of deployment descriptor [C:\Program Files\Apache Software Foundation\Tomcat 11.0\conf\conf\Catalina\localhost\ROOT.xml] has finished in [4,920] ms
26-Apr-2025 22:27:08.002 INFO [main] org.apache.coyote.AbstractProtocol.start Starting ProtocolHandler ["http-nio-8080"]
26-Apr-2025 22:27:08.084 INFO [main] org.apache.catalina.startup.Catalina.start Server startup in [7402] milliseconds
26-Apr-2025 23:37:05.074 INFO [Thread-2] org.apache.coyote.AbstractProtocol.pause Pausing ProtocolHandler ["http-nio-8080"]
26-Apr-2025 23:37:05.188 INFO [Thread-2] org.apache.catalina.core.StandardService.stopInternal Stopping service [Catalina]
26-Apr-2025 23:37:05.253 INFO [Thread-2] org.apache.coyote.AbstractProtocol.stop Stopping ProtocolHandler ["http-nio-8080"]
26-Apr-2025 23:37:05.257 INFO [Thread-2] org.apache.coyote.AbstractProtocol.destroy Destroying ProtocolHandler ["http-nio-8080"]
